{"/Users/williambulovas/workspace/ThrowUpTheXBackend/src/draftResultDao.ts": {"path":"/Users/williambulovas/workspace/ThrowUpTheXBackend/src/draftResultDao.ts","statementMap":{"0":{"start":{"line":1,"column":0},"end":{"line":1,"column":26}},"1":{"start":{"line":2,"column":0},"end":{"line":2,"column":58}},"2":{"start":{"line":3,"column":0},"end":{"line":3,"column":37}},"3":{"start":{"line":6,"column":0},"end":{"line":19,"column":null}},"4":{"start":{"line":7,"column":33},"end":{"line":7,"column":49}},"5":{"start":{"line":10,"column":7},"end":{"line":17,"column":20}},"6":{"start":{"line":6,"column":13},"end":{"line":19,"column":null}},"7":{"start":{"line":6,"column":13},"end":{"line":6,"column":27}}},"fnMap":{"0":{"name":"(anonymous_2)","decl":{"start":{"line":7,"column":4},"end":{"line":7,"column":33}},"loc":{"start":{"line":7,"column":63},"end":{"line":7,"column":67}}},"1":{"name":"(anonymous_3)","decl":{"start":{"line":9,"column":4},"end":{"line":9,"column":9}},"loc":{"start":{"line":9,"column":49},"end":{"line":18,"column":5}}}},"branchMap":{},"s":{"0":1,"1":1,"2":1,"3":1,"4":1,"5":1,"6":1,"7":1},"f":{"0":1,"1":1},"b":{}}
}
